<?xml version="1.0" encoding="UTF-8"?>
<testsuite name="models.CipherTest" tests="1" skipped="0" failures="0" errors="0" timestamp="2020-11-23T05:28:50" hostname="gladys-HP-ProBook-440-G1" time="0.002">
  <properties/>
  <testcase name="newCipher_readKey_2" classname="models.CipherTest" time="0.002"/>
  <system-out><![CDATA[]]></system-out>
  <system-err><![CDATA[]]></system-err>
</testsuite>
